[2025-05-15T09:51:21.983+0000] {processor.py:153} INFO - Started process (PID=170) to work on /opt/airflow/dags/dbt_pipeline_dag.py
[2025-05-15T09:51:21.985+0000] {processor.py:743} INFO - Processing file /opt/airflow/dags/dbt_pipeline_dag.py for tasks to queue
[2025-05-15T09:51:21.987+0000] {logging_mixin.py:137} INFO - [2025-05-15T09:51:21.987+0000] {dagbag.py:538} INFO - Filling up the DagBag from /opt/airflow/dags/dbt_pipeline_dag.py
[2025-05-15T09:51:22.049+0000] {processor.py:753} INFO - DAG(s) dict_keys(['dbt_sales_pipeline']) retrieved from /opt/airflow/dags/dbt_pipeline_dag.py
[2025-05-15T09:51:22.069+0000] {logging_mixin.py:137} INFO - [2025-05-15T09:51:22.069+0000] {dag.py:2676} INFO - Sync 1 DAGs
[2025-05-15T09:51:22.087+0000] {logging_mixin.py:137} INFO - [2025-05-15T09:51:22.087+0000] {dag.py:3427} INFO - Setting next_dagrun for dbt_sales_pipeline to 2025-05-14T00:00:00+00:00, run_after=2025-05-15T00:00:00+00:00
[2025-05-15T09:51:22.140+0000] {processor.py:175} INFO - Processing /opt/airflow/dags/dbt_pipeline_dag.py took 0.160 seconds
[2025-05-15T09:51:52.466+0000] {processor.py:153} INFO - Started process (PID=181) to work on /opt/airflow/dags/dbt_pipeline_dag.py
[2025-05-15T09:51:52.466+0000] {processor.py:743} INFO - Processing file /opt/airflow/dags/dbt_pipeline_dag.py for tasks to queue
[2025-05-15T09:51:52.467+0000] {logging_mixin.py:137} INFO - [2025-05-15T09:51:52.467+0000] {dagbag.py:538} INFO - Filling up the DagBag from /opt/airflow/dags/dbt_pipeline_dag.py
[2025-05-15T09:51:52.495+0000] {processor.py:753} INFO - DAG(s) dict_keys(['dbt_sales_pipeline']) retrieved from /opt/airflow/dags/dbt_pipeline_dag.py
[2025-05-15T09:51:52.516+0000] {logging_mixin.py:137} INFO - [2025-05-15T09:51:52.516+0000] {dag.py:2676} INFO - Sync 1 DAGs
[2025-05-15T09:51:52.534+0000] {logging_mixin.py:137} INFO - [2025-05-15T09:51:52.534+0000] {dag.py:3427} INFO - Setting next_dagrun for dbt_sales_pipeline to 2025-05-14T00:00:00+00:00, run_after=2025-05-15T00:00:00+00:00
[2025-05-15T09:51:52.549+0000] {processor.py:175} INFO - Processing /opt/airflow/dags/dbt_pipeline_dag.py took 0.086 seconds
[2025-05-15T09:52:22.935+0000] {processor.py:153} INFO - Started process (PID=198) to work on /opt/airflow/dags/dbt_pipeline_dag.py
[2025-05-15T09:52:22.937+0000] {processor.py:743} INFO - Processing file /opt/airflow/dags/dbt_pipeline_dag.py for tasks to queue
[2025-05-15T09:52:22.938+0000] {logging_mixin.py:137} INFO - [2025-05-15T09:52:22.937+0000] {dagbag.py:538} INFO - Filling up the DagBag from /opt/airflow/dags/dbt_pipeline_dag.py
[2025-05-15T09:52:22.968+0000] {processor.py:753} INFO - DAG(s) dict_keys(['dbt_sales_pipeline']) retrieved from /opt/airflow/dags/dbt_pipeline_dag.py
[2025-05-15T09:52:23.009+0000] {logging_mixin.py:137} INFO - [2025-05-15T09:52:23.009+0000] {dag.py:2676} INFO - Sync 1 DAGs
[2025-05-15T09:52:23.028+0000] {logging_mixin.py:137} INFO - [2025-05-15T09:52:23.028+0000] {dag.py:3427} INFO - Setting next_dagrun for dbt_sales_pipeline to 2025-05-15T00:00:00+00:00, run_after=2025-05-16T00:00:00+00:00
[2025-05-15T09:52:23.039+0000] {processor.py:175} INFO - Processing /opt/airflow/dags/dbt_pipeline_dag.py took 0.112 seconds
[2025-05-15T09:52:53.419+0000] {processor.py:153} INFO - Started process (PID=209) to work on /opt/airflow/dags/dbt_pipeline_dag.py
[2025-05-15T09:52:53.422+0000] {processor.py:743} INFO - Processing file /opt/airflow/dags/dbt_pipeline_dag.py for tasks to queue
[2025-05-15T09:52:53.424+0000] {logging_mixin.py:137} INFO - [2025-05-15T09:52:53.424+0000] {dagbag.py:538} INFO - Filling up the DagBag from /opt/airflow/dags/dbt_pipeline_dag.py
[2025-05-15T09:52:53.469+0000] {processor.py:753} INFO - DAG(s) dict_keys(['dbt_sales_pipeline']) retrieved from /opt/airflow/dags/dbt_pipeline_dag.py
[2025-05-15T09:52:53.516+0000] {logging_mixin.py:137} INFO - [2025-05-15T09:52:53.516+0000] {dag.py:2676} INFO - Sync 1 DAGs
[2025-05-15T09:52:53.532+0000] {logging_mixin.py:137} INFO - [2025-05-15T09:52:53.532+0000] {dag.py:3427} INFO - Setting next_dagrun for dbt_sales_pipeline to 2025-05-15T00:00:00+00:00, run_after=2025-05-16T00:00:00+00:00
[2025-05-15T09:52:53.541+0000] {processor.py:175} INFO - Processing /opt/airflow/dags/dbt_pipeline_dag.py took 0.130 seconds
[2025-05-15T09:53:23.947+0000] {processor.py:153} INFO - Started process (PID=220) to work on /opt/airflow/dags/dbt_pipeline_dag.py
[2025-05-15T09:53:23.950+0000] {processor.py:743} INFO - Processing file /opt/airflow/dags/dbt_pipeline_dag.py for tasks to queue
[2025-05-15T09:53:23.951+0000] {logging_mixin.py:137} INFO - [2025-05-15T09:53:23.951+0000] {dagbag.py:538} INFO - Filling up the DagBag from /opt/airflow/dags/dbt_pipeline_dag.py
[2025-05-15T09:53:23.997+0000] {processor.py:753} INFO - DAG(s) dict_keys(['dbt_sales_pipeline']) retrieved from /opt/airflow/dags/dbt_pipeline_dag.py
[2025-05-15T09:53:24.092+0000] {logging_mixin.py:137} INFO - [2025-05-15T09:53:24.092+0000] {dag.py:2676} INFO - Sync 1 DAGs
[2025-05-15T09:53:24.114+0000] {logging_mixin.py:137} INFO - [2025-05-15T09:53:24.114+0000] {dag.py:3427} INFO - Setting next_dagrun for dbt_sales_pipeline to 2025-05-15T00:00:00+00:00, run_after=2025-05-16T00:00:00+00:00
[2025-05-15T09:53:24.124+0000] {processor.py:175} INFO - Processing /opt/airflow/dags/dbt_pipeline_dag.py took 0.196 seconds
[2025-05-15T09:53:54.457+0000] {processor.py:153} INFO - Started process (PID=231) to work on /opt/airflow/dags/dbt_pipeline_dag.py
[2025-05-15T09:53:54.457+0000] {processor.py:743} INFO - Processing file /opt/airflow/dags/dbt_pipeline_dag.py for tasks to queue
[2025-05-15T09:53:54.459+0000] {logging_mixin.py:137} INFO - [2025-05-15T09:53:54.458+0000] {dagbag.py:538} INFO - Filling up the DagBag from /opt/airflow/dags/dbt_pipeline_dag.py
[2025-05-15T09:53:54.492+0000] {processor.py:753} INFO - DAG(s) dict_keys(['dbt_sales_pipeline']) retrieved from /opt/airflow/dags/dbt_pipeline_dag.py
[2025-05-15T09:53:54.536+0000] {logging_mixin.py:137} INFO - [2025-05-15T09:53:54.536+0000] {dag.py:2676} INFO - Sync 1 DAGs
[2025-05-15T09:53:54.555+0000] {logging_mixin.py:137} INFO - [2025-05-15T09:53:54.555+0000] {dag.py:3427} INFO - Setting next_dagrun for dbt_sales_pipeline to 2025-05-15T00:00:00+00:00, run_after=2025-05-16T00:00:00+00:00
[2025-05-15T09:53:54.566+0000] {processor.py:175} INFO - Processing /opt/airflow/dags/dbt_pipeline_dag.py took 0.116 seconds
[2025-05-15T09:54:24.837+0000] {processor.py:153} INFO - Started process (PID=242) to work on /opt/airflow/dags/dbt_pipeline_dag.py
[2025-05-15T09:54:24.838+0000] {processor.py:743} INFO - Processing file /opt/airflow/dags/dbt_pipeline_dag.py for tasks to queue
[2025-05-15T09:54:24.839+0000] {logging_mixin.py:137} INFO - [2025-05-15T09:54:24.839+0000] {dagbag.py:538} INFO - Filling up the DagBag from /opt/airflow/dags/dbt_pipeline_dag.py
[2025-05-15T09:54:24.868+0000] {processor.py:753} INFO - DAG(s) dict_keys(['dbt_sales_pipeline']) retrieved from /opt/airflow/dags/dbt_pipeline_dag.py
[2025-05-15T09:54:24.905+0000] {logging_mixin.py:137} INFO - [2025-05-15T09:54:24.905+0000] {dag.py:2676} INFO - Sync 1 DAGs
[2025-05-15T09:54:24.920+0000] {logging_mixin.py:137} INFO - [2025-05-15T09:54:24.920+0000] {dag.py:3427} INFO - Setting next_dagrun for dbt_sales_pipeline to 2025-05-15T00:00:00+00:00, run_after=2025-05-16T00:00:00+00:00
[2025-05-15T09:54:24.931+0000] {processor.py:175} INFO - Processing /opt/airflow/dags/dbt_pipeline_dag.py took 0.098 seconds
[2025-05-15T09:54:55.194+0000] {processor.py:153} INFO - Started process (PID=253) to work on /opt/airflow/dags/dbt_pipeline_dag.py
[2025-05-15T09:54:55.195+0000] {processor.py:743} INFO - Processing file /opt/airflow/dags/dbt_pipeline_dag.py for tasks to queue
[2025-05-15T09:54:55.196+0000] {logging_mixin.py:137} INFO - [2025-05-15T09:54:55.196+0000] {dagbag.py:538} INFO - Filling up the DagBag from /opt/airflow/dags/dbt_pipeline_dag.py
[2025-05-15T09:54:55.224+0000] {processor.py:753} INFO - DAG(s) dict_keys(['dbt_sales_pipeline']) retrieved from /opt/airflow/dags/dbt_pipeline_dag.py
[2025-05-15T09:54:55.266+0000] {logging_mixin.py:137} INFO - [2025-05-15T09:54:55.266+0000] {dag.py:2676} INFO - Sync 1 DAGs
[2025-05-15T09:54:55.285+0000] {logging_mixin.py:137} INFO - [2025-05-15T09:54:55.285+0000] {dag.py:3427} INFO - Setting next_dagrun for dbt_sales_pipeline to 2025-05-15T00:00:00+00:00, run_after=2025-05-16T00:00:00+00:00
[2025-05-15T09:54:55.295+0000] {processor.py:175} INFO - Processing /opt/airflow/dags/dbt_pipeline_dag.py took 0.104 seconds
[2025-05-15T09:55:25.557+0000] {processor.py:153} INFO - Started process (PID=264) to work on /opt/airflow/dags/dbt_pipeline_dag.py
[2025-05-15T09:55:25.558+0000] {processor.py:743} INFO - Processing file /opt/airflow/dags/dbt_pipeline_dag.py for tasks to queue
[2025-05-15T09:55:25.559+0000] {logging_mixin.py:137} INFO - [2025-05-15T09:55:25.558+0000] {dagbag.py:538} INFO - Filling up the DagBag from /opt/airflow/dags/dbt_pipeline_dag.py
[2025-05-15T09:55:25.586+0000] {processor.py:753} INFO - DAG(s) dict_keys(['dbt_sales_pipeline']) retrieved from /opt/airflow/dags/dbt_pipeline_dag.py
[2025-05-15T09:55:25.628+0000] {logging_mixin.py:137} INFO - [2025-05-15T09:55:25.628+0000] {dag.py:2676} INFO - Sync 1 DAGs
[2025-05-15T09:55:25.650+0000] {logging_mixin.py:137} INFO - [2025-05-15T09:55:25.650+0000] {dag.py:3427} INFO - Setting next_dagrun for dbt_sales_pipeline to 2025-05-15T00:00:00+00:00, run_after=2025-05-16T00:00:00+00:00
[2025-05-15T09:55:25.660+0000] {processor.py:175} INFO - Processing /opt/airflow/dags/dbt_pipeline_dag.py took 0.110 seconds
[2025-05-15T09:55:55.900+0000] {processor.py:153} INFO - Started process (PID=275) to work on /opt/airflow/dags/dbt_pipeline_dag.py
[2025-05-15T09:55:55.901+0000] {processor.py:743} INFO - Processing file /opt/airflow/dags/dbt_pipeline_dag.py for tasks to queue
[2025-05-15T09:55:55.902+0000] {logging_mixin.py:137} INFO - [2025-05-15T09:55:55.902+0000] {dagbag.py:538} INFO - Filling up the DagBag from /opt/airflow/dags/dbt_pipeline_dag.py
[2025-05-15T09:55:55.927+0000] {processor.py:753} INFO - DAG(s) dict_keys(['dbt_sales_pipeline']) retrieved from /opt/airflow/dags/dbt_pipeline_dag.py
[2025-05-15T09:55:55.957+0000] {logging_mixin.py:137} INFO - [2025-05-15T09:55:55.957+0000] {dag.py:2676} INFO - Sync 1 DAGs
[2025-05-15T09:55:55.976+0000] {logging_mixin.py:137} INFO - [2025-05-15T09:55:55.976+0000] {dag.py:3427} INFO - Setting next_dagrun for dbt_sales_pipeline to 2025-05-15T00:00:00+00:00, run_after=2025-05-16T00:00:00+00:00
[2025-05-15T09:55:55.992+0000] {processor.py:175} INFO - Processing /opt/airflow/dags/dbt_pipeline_dag.py took 0.098 seconds
[2025-05-15T09:56:26.325+0000] {processor.py:153} INFO - Started process (PID=286) to work on /opt/airflow/dags/dbt_pipeline_dag.py
[2025-05-15T09:56:26.325+0000] {processor.py:743} INFO - Processing file /opt/airflow/dags/dbt_pipeline_dag.py for tasks to queue
[2025-05-15T09:56:26.326+0000] {logging_mixin.py:137} INFO - [2025-05-15T09:56:26.326+0000] {dagbag.py:538} INFO - Filling up the DagBag from /opt/airflow/dags/dbt_pipeline_dag.py
[2025-05-15T09:56:26.347+0000] {processor.py:753} INFO - DAG(s) dict_keys(['dbt_sales_pipeline']) retrieved from /opt/airflow/dags/dbt_pipeline_dag.py
[2025-05-15T09:56:26.382+0000] {logging_mixin.py:137} INFO - [2025-05-15T09:56:26.382+0000] {dag.py:2676} INFO - Sync 1 DAGs
[2025-05-15T09:56:26.398+0000] {logging_mixin.py:137} INFO - [2025-05-15T09:56:26.398+0000] {dag.py:3427} INFO - Setting next_dagrun for dbt_sales_pipeline to 2025-05-15T00:00:00+00:00, run_after=2025-05-16T00:00:00+00:00
[2025-05-15T09:56:26.412+0000] {processor.py:175} INFO - Processing /opt/airflow/dags/dbt_pipeline_dag.py took 0.090 seconds
[2025-05-15T09:56:56.675+0000] {processor.py:153} INFO - Started process (PID=300) to work on /opt/airflow/dags/dbt_pipeline_dag.py
[2025-05-15T09:56:56.675+0000] {processor.py:743} INFO - Processing file /opt/airflow/dags/dbt_pipeline_dag.py for tasks to queue
[2025-05-15T09:56:56.676+0000] {logging_mixin.py:137} INFO - [2025-05-15T09:56:56.676+0000] {dagbag.py:538} INFO - Filling up the DagBag from /opt/airflow/dags/dbt_pipeline_dag.py
[2025-05-15T09:56:56.689+0000] {processor.py:753} INFO - DAG(s) dict_keys(['dbt_sales_pipeline']) retrieved from /opt/airflow/dags/dbt_pipeline_dag.py
[2025-05-15T09:56:56.711+0000] {logging_mixin.py:137} INFO - [2025-05-15T09:56:56.711+0000] {dag.py:2676} INFO - Sync 1 DAGs
[2025-05-15T09:56:56.723+0000] {logging_mixin.py:137} INFO - [2025-05-15T09:56:56.723+0000] {dag.py:3427} INFO - Setting next_dagrun for dbt_sales_pipeline to 2025-05-15T00:00:00+00:00, run_after=2025-05-16T00:00:00+00:00
[2025-05-15T09:56:56.731+0000] {processor.py:175} INFO - Processing /opt/airflow/dags/dbt_pipeline_dag.py took 0.059 seconds
[2025-05-15T09:57:27.053+0000] {processor.py:153} INFO - Started process (PID=314) to work on /opt/airflow/dags/dbt_pipeline_dag.py
[2025-05-15T09:57:27.054+0000] {processor.py:743} INFO - Processing file /opt/airflow/dags/dbt_pipeline_dag.py for tasks to queue
[2025-05-15T09:57:27.055+0000] {logging_mixin.py:137} INFO - [2025-05-15T09:57:27.055+0000] {dagbag.py:538} INFO - Filling up the DagBag from /opt/airflow/dags/dbt_pipeline_dag.py
[2025-05-15T09:57:27.080+0000] {processor.py:753} INFO - DAG(s) dict_keys(['dbt_sales_pipeline']) retrieved from /opt/airflow/dags/dbt_pipeline_dag.py
[2025-05-15T09:57:27.115+0000] {logging_mixin.py:137} INFO - [2025-05-15T09:57:27.115+0000] {dag.py:2676} INFO - Sync 1 DAGs
[2025-05-15T09:57:27.132+0000] {logging_mixin.py:137} INFO - [2025-05-15T09:57:27.132+0000] {dag.py:3427} INFO - Setting next_dagrun for dbt_sales_pipeline to 2025-05-15T00:00:00+00:00, run_after=2025-05-16T00:00:00+00:00
[2025-05-15T09:57:27.142+0000] {processor.py:175} INFO - Processing /opt/airflow/dags/dbt_pipeline_dag.py took 0.098 seconds
[2025-05-15T09:57:57.486+0000] {processor.py:153} INFO - Started process (PID=325) to work on /opt/airflow/dags/dbt_pipeline_dag.py
[2025-05-15T09:57:57.487+0000] {processor.py:743} INFO - Processing file /opt/airflow/dags/dbt_pipeline_dag.py for tasks to queue
[2025-05-15T09:57:57.489+0000] {logging_mixin.py:137} INFO - [2025-05-15T09:57:57.489+0000] {dagbag.py:538} INFO - Filling up the DagBag from /opt/airflow/dags/dbt_pipeline_dag.py
[2025-05-15T09:57:57.521+0000] {processor.py:753} INFO - DAG(s) dict_keys(['dbt_sales_pipeline']) retrieved from /opt/airflow/dags/dbt_pipeline_dag.py
[2025-05-15T09:57:57.551+0000] {logging_mixin.py:137} INFO - [2025-05-15T09:57:57.551+0000] {dag.py:2676} INFO - Sync 1 DAGs
[2025-05-15T09:57:57.565+0000] {logging_mixin.py:137} INFO - [2025-05-15T09:57:57.565+0000] {dag.py:3427} INFO - Setting next_dagrun for dbt_sales_pipeline to 2025-05-15T00:00:00+00:00, run_after=2025-05-16T00:00:00+00:00
[2025-05-15T09:57:57.576+0000] {processor.py:175} INFO - Processing /opt/airflow/dags/dbt_pipeline_dag.py took 0.095 seconds
[2025-05-15T09:58:27.928+0000] {processor.py:153} INFO - Started process (PID=336) to work on /opt/airflow/dags/dbt_pipeline_dag.py
[2025-05-15T09:58:27.929+0000] {processor.py:743} INFO - Processing file /opt/airflow/dags/dbt_pipeline_dag.py for tasks to queue
[2025-05-15T09:58:27.930+0000] {logging_mixin.py:137} INFO - [2025-05-15T09:58:27.930+0000] {dagbag.py:538} INFO - Filling up the DagBag from /opt/airflow/dags/dbt_pipeline_dag.py
[2025-05-15T09:58:27.956+0000] {processor.py:753} INFO - DAG(s) dict_keys(['dbt_sales_pipeline']) retrieved from /opt/airflow/dags/dbt_pipeline_dag.py
[2025-05-15T09:58:27.982+0000] {logging_mixin.py:137} INFO - [2025-05-15T09:58:27.982+0000] {dag.py:2676} INFO - Sync 1 DAGs
[2025-05-15T09:58:27.996+0000] {logging_mixin.py:137} INFO - [2025-05-15T09:58:27.996+0000] {dag.py:3427} INFO - Setting next_dagrun for dbt_sales_pipeline to 2025-05-15T00:00:00+00:00, run_after=2025-05-16T00:00:00+00:00
[2025-05-15T09:58:28.005+0000] {processor.py:175} INFO - Processing /opt/airflow/dags/dbt_pipeline_dag.py took 0.082 seconds
[2025-05-15T09:58:58.350+0000] {processor.py:153} INFO - Started process (PID=347) to work on /opt/airflow/dags/dbt_pipeline_dag.py
[2025-05-15T09:58:58.351+0000] {processor.py:743} INFO - Processing file /opt/airflow/dags/dbt_pipeline_dag.py for tasks to queue
[2025-05-15T09:58:58.352+0000] {logging_mixin.py:137} INFO - [2025-05-15T09:58:58.352+0000] {dagbag.py:538} INFO - Filling up the DagBag from /opt/airflow/dags/dbt_pipeline_dag.py
[2025-05-15T09:58:58.373+0000] {processor.py:753} INFO - DAG(s) dict_keys(['dbt_sales_pipeline']) retrieved from /opt/airflow/dags/dbt_pipeline_dag.py
[2025-05-15T09:58:58.395+0000] {logging_mixin.py:137} INFO - [2025-05-15T09:58:58.395+0000] {dag.py:2676} INFO - Sync 1 DAGs
[2025-05-15T09:58:58.409+0000] {logging_mixin.py:137} INFO - [2025-05-15T09:58:58.409+0000] {dag.py:3427} INFO - Setting next_dagrun for dbt_sales_pipeline to 2025-05-15T00:00:00+00:00, run_after=2025-05-16T00:00:00+00:00
[2025-05-15T09:58:58.417+0000] {processor.py:175} INFO - Processing /opt/airflow/dags/dbt_pipeline_dag.py took 0.070 seconds
[2025-05-15T09:59:28.737+0000] {processor.py:153} INFO - Started process (PID=358) to work on /opt/airflow/dags/dbt_pipeline_dag.py
[2025-05-15T09:59:28.738+0000] {processor.py:743} INFO - Processing file /opt/airflow/dags/dbt_pipeline_dag.py for tasks to queue
[2025-05-15T09:59:28.738+0000] {logging_mixin.py:137} INFO - [2025-05-15T09:59:28.738+0000] {dagbag.py:538} INFO - Filling up the DagBag from /opt/airflow/dags/dbt_pipeline_dag.py
[2025-05-15T09:59:28.755+0000] {processor.py:753} INFO - DAG(s) dict_keys(['dbt_sales_pipeline']) retrieved from /opt/airflow/dags/dbt_pipeline_dag.py
[2025-05-15T09:59:28.780+0000] {logging_mixin.py:137} INFO - [2025-05-15T09:59:28.780+0000] {dag.py:2676} INFO - Sync 1 DAGs
[2025-05-15T09:59:28.795+0000] {logging_mixin.py:137} INFO - [2025-05-15T09:59:28.795+0000] {dag.py:3427} INFO - Setting next_dagrun for dbt_sales_pipeline to 2025-05-15T00:00:00+00:00, run_after=2025-05-16T00:00:00+00:00
[2025-05-15T09:59:28.803+0000] {processor.py:175} INFO - Processing /opt/airflow/dags/dbt_pipeline_dag.py took 0.070 seconds
[2025-05-15T09:59:59.146+0000] {processor.py:153} INFO - Started process (PID=369) to work on /opt/airflow/dags/dbt_pipeline_dag.py
[2025-05-15T09:59:59.147+0000] {processor.py:743} INFO - Processing file /opt/airflow/dags/dbt_pipeline_dag.py for tasks to queue
[2025-05-15T09:59:59.147+0000] {logging_mixin.py:137} INFO - [2025-05-15T09:59:59.147+0000] {dagbag.py:538} INFO - Filling up the DagBag from /opt/airflow/dags/dbt_pipeline_dag.py
[2025-05-15T09:59:59.165+0000] {processor.py:753} INFO - DAG(s) dict_keys(['dbt_sales_pipeline']) retrieved from /opt/airflow/dags/dbt_pipeline_dag.py
[2025-05-15T09:59:59.187+0000] {logging_mixin.py:137} INFO - [2025-05-15T09:59:59.187+0000] {dag.py:2676} INFO - Sync 1 DAGs
[2025-05-15T09:59:59.200+0000] {logging_mixin.py:137} INFO - [2025-05-15T09:59:59.200+0000] {dag.py:3427} INFO - Setting next_dagrun for dbt_sales_pipeline to 2025-05-15T00:00:00+00:00, run_after=2025-05-16T00:00:00+00:00
[2025-05-15T09:59:59.208+0000] {processor.py:175} INFO - Processing /opt/airflow/dags/dbt_pipeline_dag.py took 0.065 seconds
[2025-05-15T10:00:29.574+0000] {processor.py:153} INFO - Started process (PID=380) to work on /opt/airflow/dags/dbt_pipeline_dag.py
[2025-05-15T10:00:29.575+0000] {processor.py:743} INFO - Processing file /opt/airflow/dags/dbt_pipeline_dag.py for tasks to queue
[2025-05-15T10:00:29.576+0000] {logging_mixin.py:137} INFO - [2025-05-15T10:00:29.576+0000] {dagbag.py:538} INFO - Filling up the DagBag from /opt/airflow/dags/dbt_pipeline_dag.py
[2025-05-15T10:00:29.599+0000] {processor.py:753} INFO - DAG(s) dict_keys(['dbt_sales_pipeline']) retrieved from /opt/airflow/dags/dbt_pipeline_dag.py
[2025-05-15T10:00:29.626+0000] {logging_mixin.py:137} INFO - [2025-05-15T10:00:29.626+0000] {dag.py:2676} INFO - Sync 1 DAGs
[2025-05-15T10:00:29.640+0000] {logging_mixin.py:137} INFO - [2025-05-15T10:00:29.640+0000] {dag.py:3427} INFO - Setting next_dagrun for dbt_sales_pipeline to 2025-05-15T00:00:00+00:00, run_after=2025-05-16T00:00:00+00:00
[2025-05-15T10:00:29.648+0000] {processor.py:175} INFO - Processing /opt/airflow/dags/dbt_pipeline_dag.py took 0.078 seconds
[2025-05-15T10:00:59.989+0000] {processor.py:153} INFO - Started process (PID=391) to work on /opt/airflow/dags/dbt_pipeline_dag.py
[2025-05-15T10:00:59.990+0000] {processor.py:743} INFO - Processing file /opt/airflow/dags/dbt_pipeline_dag.py for tasks to queue
[2025-05-15T10:00:59.991+0000] {logging_mixin.py:137} INFO - [2025-05-15T10:00:59.991+0000] {dagbag.py:538} INFO - Filling up the DagBag from /opt/airflow/dags/dbt_pipeline_dag.py
[2025-05-15T10:01:00.009+0000] {processor.py:753} INFO - DAG(s) dict_keys(['dbt_sales_pipeline']) retrieved from /opt/airflow/dags/dbt_pipeline_dag.py
[2025-05-15T10:01:00.033+0000] {logging_mixin.py:137} INFO - [2025-05-15T10:01:00.033+0000] {dag.py:2676} INFO - Sync 1 DAGs
[2025-05-15T10:01:00.045+0000] {logging_mixin.py:137} INFO - [2025-05-15T10:01:00.045+0000] {dag.py:3427} INFO - Setting next_dagrun for dbt_sales_pipeline to 2025-05-15T00:00:00+00:00, run_after=2025-05-16T00:00:00+00:00
[2025-05-15T10:01:00.052+0000] {processor.py:175} INFO - Processing /opt/airflow/dags/dbt_pipeline_dag.py took 0.068 seconds
[2025-05-15T10:01:30.416+0000] {processor.py:153} INFO - Started process (PID=402) to work on /opt/airflow/dags/dbt_pipeline_dag.py
[2025-05-15T10:01:30.418+0000] {processor.py:743} INFO - Processing file /opt/airflow/dags/dbt_pipeline_dag.py for tasks to queue
[2025-05-15T10:01:30.418+0000] {logging_mixin.py:137} INFO - [2025-05-15T10:01:30.418+0000] {dagbag.py:538} INFO - Filling up the DagBag from /opt/airflow/dags/dbt_pipeline_dag.py
[2025-05-15T10:01:30.443+0000] {processor.py:753} INFO - DAG(s) dict_keys(['dbt_sales_pipeline']) retrieved from /opt/airflow/dags/dbt_pipeline_dag.py
[2025-05-15T10:01:30.473+0000] {logging_mixin.py:137} INFO - [2025-05-15T10:01:30.472+0000] {dag.py:2676} INFO - Sync 1 DAGs
[2025-05-15T10:01:30.487+0000] {logging_mixin.py:137} INFO - [2025-05-15T10:01:30.487+0000] {dag.py:3427} INFO - Setting next_dagrun for dbt_sales_pipeline to 2025-05-15T00:00:00+00:00, run_after=2025-05-16T00:00:00+00:00
[2025-05-15T10:01:30.496+0000] {processor.py:175} INFO - Processing /opt/airflow/dags/dbt_pipeline_dag.py took 0.086 seconds
[2025-05-15T10:02:00.832+0000] {processor.py:153} INFO - Started process (PID=413) to work on /opt/airflow/dags/dbt_pipeline_dag.py
[2025-05-15T10:02:00.833+0000] {processor.py:743} INFO - Processing file /opt/airflow/dags/dbt_pipeline_dag.py for tasks to queue
[2025-05-15T10:02:00.834+0000] {logging_mixin.py:137} INFO - [2025-05-15T10:02:00.834+0000] {dagbag.py:538} INFO - Filling up the DagBag from /opt/airflow/dags/dbt_pipeline_dag.py
[2025-05-15T10:02:00.848+0000] {processor.py:753} INFO - DAG(s) dict_keys(['dbt_sales_pipeline']) retrieved from /opt/airflow/dags/dbt_pipeline_dag.py
[2025-05-15T10:02:00.870+0000] {logging_mixin.py:137} INFO - [2025-05-15T10:02:00.869+0000] {dag.py:2676} INFO - Sync 1 DAGs
[2025-05-15T10:02:00.883+0000] {logging_mixin.py:137} INFO - [2025-05-15T10:02:00.883+0000] {dag.py:3427} INFO - Setting next_dagrun for dbt_sales_pipeline to 2025-05-15T00:00:00+00:00, run_after=2025-05-16T00:00:00+00:00
[2025-05-15T10:02:00.890+0000] {processor.py:175} INFO - Processing /opt/airflow/dags/dbt_pipeline_dag.py took 0.062 seconds
[2025-05-15T10:02:31.243+0000] {processor.py:153} INFO - Started process (PID=424) to work on /opt/airflow/dags/dbt_pipeline_dag.py
[2025-05-15T10:02:31.244+0000] {processor.py:743} INFO - Processing file /opt/airflow/dags/dbt_pipeline_dag.py for tasks to queue
[2025-05-15T10:02:31.245+0000] {logging_mixin.py:137} INFO - [2025-05-15T10:02:31.245+0000] {dagbag.py:538} INFO - Filling up the DagBag from /opt/airflow/dags/dbt_pipeline_dag.py
[2025-05-15T10:02:31.268+0000] {processor.py:753} INFO - DAG(s) dict_keys(['dbt_sales_pipeline']) retrieved from /opt/airflow/dags/dbt_pipeline_dag.py
[2025-05-15T10:02:31.307+0000] {logging_mixin.py:137} INFO - [2025-05-15T10:02:31.307+0000] {dag.py:2676} INFO - Sync 1 DAGs
[2025-05-15T10:02:31.323+0000] {logging_mixin.py:137} INFO - [2025-05-15T10:02:31.323+0000] {dag.py:3427} INFO - Setting next_dagrun for dbt_sales_pipeline to 2025-05-15T00:00:00+00:00, run_after=2025-05-16T00:00:00+00:00
[2025-05-15T10:02:31.336+0000] {processor.py:175} INFO - Processing /opt/airflow/dags/dbt_pipeline_dag.py took 0.096 seconds
[2025-05-15T10:03:01.715+0000] {processor.py:153} INFO - Started process (PID=435) to work on /opt/airflow/dags/dbt_pipeline_dag.py
[2025-05-15T10:03:01.717+0000] {processor.py:743} INFO - Processing file /opt/airflow/dags/dbt_pipeline_dag.py for tasks to queue
[2025-05-15T10:03:01.718+0000] {logging_mixin.py:137} INFO - [2025-05-15T10:03:01.718+0000] {dagbag.py:538} INFO - Filling up the DagBag from /opt/airflow/dags/dbt_pipeline_dag.py
[2025-05-15T10:03:01.747+0000] {processor.py:753} INFO - DAG(s) dict_keys(['dbt_sales_pipeline']) retrieved from /opt/airflow/dags/dbt_pipeline_dag.py
[2025-05-15T10:03:01.779+0000] {logging_mixin.py:137} INFO - [2025-05-15T10:03:01.778+0000] {dag.py:2676} INFO - Sync 1 DAGs
[2025-05-15T10:03:01.793+0000] {logging_mixin.py:137} INFO - [2025-05-15T10:03:01.793+0000] {dag.py:3427} INFO - Setting next_dagrun for dbt_sales_pipeline to 2025-05-15T00:00:00+00:00, run_after=2025-05-16T00:00:00+00:00
[2025-05-15T10:03:01.803+0000] {processor.py:175} INFO - Processing /opt/airflow/dags/dbt_pipeline_dag.py took 0.094 seconds
[2025-05-15T10:03:32.174+0000] {processor.py:153} INFO - Started process (PID=446) to work on /opt/airflow/dags/dbt_pipeline_dag.py
[2025-05-15T10:03:32.175+0000] {processor.py:743} INFO - Processing file /opt/airflow/dags/dbt_pipeline_dag.py for tasks to queue
[2025-05-15T10:03:32.176+0000] {logging_mixin.py:137} INFO - [2025-05-15T10:03:32.175+0000] {dagbag.py:538} INFO - Filling up the DagBag from /opt/airflow/dags/dbt_pipeline_dag.py
[2025-05-15T10:03:32.211+0000] {processor.py:753} INFO - DAG(s) dict_keys(['dbt_sales_pipeline']) retrieved from /opt/airflow/dags/dbt_pipeline_dag.py
[2025-05-15T10:03:32.245+0000] {logging_mixin.py:137} INFO - [2025-05-15T10:03:32.245+0000] {dag.py:2676} INFO - Sync 1 DAGs
[2025-05-15T10:03:32.259+0000] {logging_mixin.py:137} INFO - [2025-05-15T10:03:32.259+0000] {dag.py:3427} INFO - Setting next_dagrun for dbt_sales_pipeline to 2025-05-15T00:00:00+00:00, run_after=2025-05-16T00:00:00+00:00
[2025-05-15T10:03:32.272+0000] {processor.py:175} INFO - Processing /opt/airflow/dags/dbt_pipeline_dag.py took 0.104 seconds
[2025-05-15T10:04:02.636+0000] {processor.py:153} INFO - Started process (PID=457) to work on /opt/airflow/dags/dbt_pipeline_dag.py
[2025-05-15T10:04:02.637+0000] {processor.py:743} INFO - Processing file /opt/airflow/dags/dbt_pipeline_dag.py for tasks to queue
[2025-05-15T10:04:02.638+0000] {logging_mixin.py:137} INFO - [2025-05-15T10:04:02.638+0000] {dagbag.py:538} INFO - Filling up the DagBag from /opt/airflow/dags/dbt_pipeline_dag.py
[2025-05-15T10:04:02.663+0000] {processor.py:753} INFO - DAG(s) dict_keys(['dbt_sales_pipeline']) retrieved from /opt/airflow/dags/dbt_pipeline_dag.py
[2025-05-15T10:04:02.698+0000] {logging_mixin.py:137} INFO - [2025-05-15T10:04:02.698+0000] {dag.py:2676} INFO - Sync 1 DAGs
[2025-05-15T10:04:02.713+0000] {logging_mixin.py:137} INFO - [2025-05-15T10:04:02.713+0000] {dag.py:3427} INFO - Setting next_dagrun for dbt_sales_pipeline to 2025-05-15T00:00:00+00:00, run_after=2025-05-16T00:00:00+00:00
[2025-05-15T10:04:02.725+0000] {processor.py:175} INFO - Processing /opt/airflow/dags/dbt_pipeline_dag.py took 0.097 seconds
[2025-05-15T10:04:33.110+0000] {processor.py:153} INFO - Started process (PID=468) to work on /opt/airflow/dags/dbt_pipeline_dag.py
[2025-05-15T10:04:33.111+0000] {processor.py:743} INFO - Processing file /opt/airflow/dags/dbt_pipeline_dag.py for tasks to queue
[2025-05-15T10:04:33.112+0000] {logging_mixin.py:137} INFO - [2025-05-15T10:04:33.112+0000] {dagbag.py:538} INFO - Filling up the DagBag from /opt/airflow/dags/dbt_pipeline_dag.py
[2025-05-15T10:04:33.138+0000] {processor.py:753} INFO - DAG(s) dict_keys(['dbt_sales_pipeline']) retrieved from /opt/airflow/dags/dbt_pipeline_dag.py
[2025-05-15T10:04:33.165+0000] {logging_mixin.py:137} INFO - [2025-05-15T10:04:33.165+0000] {dag.py:2676} INFO - Sync 1 DAGs
[2025-05-15T10:04:33.179+0000] {logging_mixin.py:137} INFO - [2025-05-15T10:04:33.179+0000] {dag.py:3427} INFO - Setting next_dagrun for dbt_sales_pipeline to 2025-05-15T00:00:00+00:00, run_after=2025-05-16T00:00:00+00:00
[2025-05-15T10:04:33.189+0000] {processor.py:175} INFO - Processing /opt/airflow/dags/dbt_pipeline_dag.py took 0.082 seconds
[2025-05-15T10:05:03.535+0000] {processor.py:153} INFO - Started process (PID=479) to work on /opt/airflow/dags/dbt_pipeline_dag.py
[2025-05-15T10:05:03.536+0000] {processor.py:743} INFO - Processing file /opt/airflow/dags/dbt_pipeline_dag.py for tasks to queue
[2025-05-15T10:05:03.536+0000] {logging_mixin.py:137} INFO - [2025-05-15T10:05:03.536+0000] {dagbag.py:538} INFO - Filling up the DagBag from /opt/airflow/dags/dbt_pipeline_dag.py
[2025-05-15T10:05:03.559+0000] {processor.py:753} INFO - DAG(s) dict_keys(['dbt_sales_pipeline']) retrieved from /opt/airflow/dags/dbt_pipeline_dag.py
[2025-05-15T10:05:03.585+0000] {logging_mixin.py:137} INFO - [2025-05-15T10:05:03.585+0000] {dag.py:2676} INFO - Sync 1 DAGs
[2025-05-15T10:05:03.599+0000] {logging_mixin.py:137} INFO - [2025-05-15T10:05:03.599+0000] {dag.py:3427} INFO - Setting next_dagrun for dbt_sales_pipeline to 2025-05-15T00:00:00+00:00, run_after=2025-05-16T00:00:00+00:00
[2025-05-15T10:05:03.607+0000] {processor.py:175} INFO - Processing /opt/airflow/dags/dbt_pipeline_dag.py took 0.077 seconds
[2025-05-15T10:05:33.953+0000] {processor.py:153} INFO - Started process (PID=490) to work on /opt/airflow/dags/dbt_pipeline_dag.py
[2025-05-15T10:05:33.954+0000] {processor.py:743} INFO - Processing file /opt/airflow/dags/dbt_pipeline_dag.py for tasks to queue
[2025-05-15T10:05:33.955+0000] {logging_mixin.py:137} INFO - [2025-05-15T10:05:33.955+0000] {dagbag.py:538} INFO - Filling up the DagBag from /opt/airflow/dags/dbt_pipeline_dag.py
[2025-05-15T10:05:33.984+0000] {processor.py:753} INFO - DAG(s) dict_keys(['dbt_sales_pipeline']) retrieved from /opt/airflow/dags/dbt_pipeline_dag.py
[2025-05-15T10:05:34.018+0000] {logging_mixin.py:137} INFO - [2025-05-15T10:05:34.018+0000] {dag.py:2676} INFO - Sync 1 DAGs
[2025-05-15T10:05:34.032+0000] {logging_mixin.py:137} INFO - [2025-05-15T10:05:34.032+0000] {dag.py:3427} INFO - Setting next_dagrun for dbt_sales_pipeline to 2025-05-15T00:00:00+00:00, run_after=2025-05-16T00:00:00+00:00
[2025-05-15T10:05:34.040+0000] {processor.py:175} INFO - Processing /opt/airflow/dags/dbt_pipeline_dag.py took 0.092 seconds
[2025-05-15T10:06:04.328+0000] {processor.py:153} INFO - Started process (PID=501) to work on /opt/airflow/dags/dbt_pipeline_dag.py
[2025-05-15T10:06:04.328+0000] {processor.py:743} INFO - Processing file /opt/airflow/dags/dbt_pipeline_dag.py for tasks to queue
[2025-05-15T10:06:04.329+0000] {logging_mixin.py:137} INFO - [2025-05-15T10:06:04.329+0000] {dagbag.py:538} INFO - Filling up the DagBag from /opt/airflow/dags/dbt_pipeline_dag.py
[2025-05-15T10:06:04.341+0000] {processor.py:753} INFO - DAG(s) dict_keys(['dbt_sales_pipeline']) retrieved from /opt/airflow/dags/dbt_pipeline_dag.py
[2025-05-15T10:06:04.360+0000] {logging_mixin.py:137} INFO - [2025-05-15T10:06:04.360+0000] {dag.py:2676} INFO - Sync 1 DAGs
[2025-05-15T10:06:04.374+0000] {logging_mixin.py:137} INFO - [2025-05-15T10:06:04.374+0000] {dag.py:3427} INFO - Setting next_dagrun for dbt_sales_pipeline to 2025-05-15T00:00:00+00:00, run_after=2025-05-16T00:00:00+00:00
[2025-05-15T10:06:04.382+0000] {processor.py:175} INFO - Processing /opt/airflow/dags/dbt_pipeline_dag.py took 0.057 seconds
[2025-05-15T10:06:34.700+0000] {processor.py:153} INFO - Started process (PID=512) to work on /opt/airflow/dags/dbt_pipeline_dag.py
[2025-05-15T10:06:34.700+0000] {processor.py:743} INFO - Processing file /opt/airflow/dags/dbt_pipeline_dag.py for tasks to queue
[2025-05-15T10:06:34.701+0000] {logging_mixin.py:137} INFO - [2025-05-15T10:06:34.701+0000] {dagbag.py:538} INFO - Filling up the DagBag from /opt/airflow/dags/dbt_pipeline_dag.py
[2025-05-15T10:06:34.728+0000] {processor.py:753} INFO - DAG(s) dict_keys(['dbt_sales_pipeline']) retrieved from /opt/airflow/dags/dbt_pipeline_dag.py
[2025-05-15T10:06:34.756+0000] {logging_mixin.py:137} INFO - [2025-05-15T10:06:34.756+0000] {dag.py:2676} INFO - Sync 1 DAGs
[2025-05-15T10:06:34.771+0000] {logging_mixin.py:137} INFO - [2025-05-15T10:06:34.771+0000] {dag.py:3427} INFO - Setting next_dagrun for dbt_sales_pipeline to 2025-05-15T00:00:00+00:00, run_after=2025-05-16T00:00:00+00:00
[2025-05-15T10:06:34.780+0000] {processor.py:175} INFO - Processing /opt/airflow/dags/dbt_pipeline_dag.py took 0.088 seconds
[2025-05-15T10:07:05.124+0000] {processor.py:153} INFO - Started process (PID=523) to work on /opt/airflow/dags/dbt_pipeline_dag.py
[2025-05-15T10:07:05.125+0000] {processor.py:743} INFO - Processing file /opt/airflow/dags/dbt_pipeline_dag.py for tasks to queue
[2025-05-15T10:07:05.125+0000] {logging_mixin.py:137} INFO - [2025-05-15T10:07:05.125+0000] {dagbag.py:538} INFO - Filling up the DagBag from /opt/airflow/dags/dbt_pipeline_dag.py
[2025-05-15T10:07:05.141+0000] {processor.py:753} INFO - DAG(s) dict_keys(['dbt_sales_pipeline']) retrieved from /opt/airflow/dags/dbt_pipeline_dag.py
[2025-05-15T10:07:05.163+0000] {logging_mixin.py:137} INFO - [2025-05-15T10:07:05.163+0000] {dag.py:2676} INFO - Sync 1 DAGs
[2025-05-15T10:07:05.176+0000] {logging_mixin.py:137} INFO - [2025-05-15T10:07:05.176+0000] {dag.py:3427} INFO - Setting next_dagrun for dbt_sales_pipeline to 2025-05-15T00:00:00+00:00, run_after=2025-05-16T00:00:00+00:00
[2025-05-15T10:07:05.183+0000] {processor.py:175} INFO - Processing /opt/airflow/dags/dbt_pipeline_dag.py took 0.064 seconds
[2025-05-15T10:07:35.549+0000] {processor.py:153} INFO - Started process (PID=534) to work on /opt/airflow/dags/dbt_pipeline_dag.py
[2025-05-15T10:07:35.550+0000] {processor.py:743} INFO - Processing file /opt/airflow/dags/dbt_pipeline_dag.py for tasks to queue
[2025-05-15T10:07:35.551+0000] {logging_mixin.py:137} INFO - [2025-05-15T10:07:35.551+0000] {dagbag.py:538} INFO - Filling up the DagBag from /opt/airflow/dags/dbt_pipeline_dag.py
[2025-05-15T10:07:35.584+0000] {processor.py:753} INFO - DAG(s) dict_keys(['dbt_sales_pipeline']) retrieved from /opt/airflow/dags/dbt_pipeline_dag.py
[2025-05-15T10:07:35.615+0000] {logging_mixin.py:137} INFO - [2025-05-15T10:07:35.615+0000] {dag.py:2676} INFO - Sync 1 DAGs
[2025-05-15T10:07:35.633+0000] {logging_mixin.py:137} INFO - [2025-05-15T10:07:35.633+0000] {dag.py:3427} INFO - Setting next_dagrun for dbt_sales_pipeline to 2025-05-15T00:00:00+00:00, run_after=2025-05-16T00:00:00+00:00
[2025-05-15T10:07:35.641+0000] {processor.py:175} INFO - Processing /opt/airflow/dags/dbt_pipeline_dag.py took 0.097 seconds
[2025-05-15T10:08:06.005+0000] {processor.py:153} INFO - Started process (PID=545) to work on /opt/airflow/dags/dbt_pipeline_dag.py
[2025-05-15T10:08:06.006+0000] {processor.py:743} INFO - Processing file /opt/airflow/dags/dbt_pipeline_dag.py for tasks to queue
[2025-05-15T10:08:06.006+0000] {logging_mixin.py:137} INFO - [2025-05-15T10:08:06.006+0000] {dagbag.py:538} INFO - Filling up the DagBag from /opt/airflow/dags/dbt_pipeline_dag.py
[2025-05-15T10:08:06.039+0000] {processor.py:753} INFO - DAG(s) dict_keys(['dbt_sales_pipeline']) retrieved from /opt/airflow/dags/dbt_pipeline_dag.py
[2025-05-15T10:08:06.074+0000] {logging_mixin.py:137} INFO - [2025-05-15T10:08:06.074+0000] {dag.py:2676} INFO - Sync 1 DAGs
[2025-05-15T10:08:06.088+0000] {logging_mixin.py:137} INFO - [2025-05-15T10:08:06.088+0000] {dag.py:3427} INFO - Setting next_dagrun for dbt_sales_pipeline to 2025-05-15T00:00:00+00:00, run_after=2025-05-16T00:00:00+00:00
[2025-05-15T10:08:06.097+0000] {processor.py:175} INFO - Processing /opt/airflow/dags/dbt_pipeline_dag.py took 0.097 seconds
[2025-05-15T10:08:36.490+0000] {processor.py:153} INFO - Started process (PID=556) to work on /opt/airflow/dags/dbt_pipeline_dag.py
[2025-05-15T10:08:36.491+0000] {processor.py:743} INFO - Processing file /opt/airflow/dags/dbt_pipeline_dag.py for tasks to queue
[2025-05-15T10:08:36.492+0000] {logging_mixin.py:137} INFO - [2025-05-15T10:08:36.492+0000] {dagbag.py:538} INFO - Filling up the DagBag from /opt/airflow/dags/dbt_pipeline_dag.py
[2025-05-15T10:08:36.519+0000] {processor.py:753} INFO - DAG(s) dict_keys(['dbt_sales_pipeline']) retrieved from /opt/airflow/dags/dbt_pipeline_dag.py
[2025-05-15T10:08:36.554+0000] {logging_mixin.py:137} INFO - [2025-05-15T10:08:36.554+0000] {dag.py:2676} INFO - Sync 1 DAGs
[2025-05-15T10:08:36.570+0000] {logging_mixin.py:137} INFO - [2025-05-15T10:08:36.570+0000] {dag.py:3427} INFO - Setting next_dagrun for dbt_sales_pipeline to 2025-05-15T00:00:00+00:00, run_after=2025-05-16T00:00:00+00:00
[2025-05-15T10:08:36.578+0000] {processor.py:175} INFO - Processing /opt/airflow/dags/dbt_pipeline_dag.py took 0.095 seconds
[2025-05-15T10:09:06.914+0000] {processor.py:153} INFO - Started process (PID=567) to work on /opt/airflow/dags/dbt_pipeline_dag.py
[2025-05-15T10:09:06.915+0000] {processor.py:743} INFO - Processing file /opt/airflow/dags/dbt_pipeline_dag.py for tasks to queue
[2025-05-15T10:09:06.915+0000] {logging_mixin.py:137} INFO - [2025-05-15T10:09:06.915+0000] {dagbag.py:538} INFO - Filling up the DagBag from /opt/airflow/dags/dbt_pipeline_dag.py
[2025-05-15T10:09:06.936+0000] {processor.py:753} INFO - DAG(s) dict_keys(['dbt_sales_pipeline']) retrieved from /opt/airflow/dags/dbt_pipeline_dag.py
[2025-05-15T10:09:06.962+0000] {logging_mixin.py:137} INFO - [2025-05-15T10:09:06.962+0000] {dag.py:2676} INFO - Sync 1 DAGs
[2025-05-15T10:09:06.976+0000] {logging_mixin.py:137} INFO - [2025-05-15T10:09:06.976+0000] {dag.py:3427} INFO - Setting next_dagrun for dbt_sales_pipeline to 2025-05-15T00:00:00+00:00, run_after=2025-05-16T00:00:00+00:00
[2025-05-15T10:09:06.984+0000] {processor.py:175} INFO - Processing /opt/airflow/dags/dbt_pipeline_dag.py took 0.074 seconds
[2025-05-15T10:09:37.285+0000] {processor.py:153} INFO - Started process (PID=578) to work on /opt/airflow/dags/dbt_pipeline_dag.py
[2025-05-15T10:09:37.285+0000] {processor.py:743} INFO - Processing file /opt/airflow/dags/dbt_pipeline_dag.py for tasks to queue
[2025-05-15T10:09:37.286+0000] {logging_mixin.py:137} INFO - [2025-05-15T10:09:37.285+0000] {dagbag.py:538} INFO - Filling up the DagBag from /opt/airflow/dags/dbt_pipeline_dag.py
[2025-05-15T10:09:37.294+0000] {processor.py:753} INFO - DAG(s) dict_keys(['dbt_sales_pipeline']) retrieved from /opt/airflow/dags/dbt_pipeline_dag.py
[2025-05-15T10:09:37.311+0000] {logging_mixin.py:137} INFO - [2025-05-15T10:09:37.311+0000] {dag.py:2676} INFO - Sync 1 DAGs
[2025-05-15T10:09:37.322+0000] {logging_mixin.py:137} INFO - [2025-05-15T10:09:37.322+0000] {dag.py:3427} INFO - Setting next_dagrun for dbt_sales_pipeline to 2025-05-15T00:00:00+00:00, run_after=2025-05-16T00:00:00+00:00
[2025-05-15T10:09:37.329+0000] {processor.py:175} INFO - Processing /opt/airflow/dags/dbt_pipeline_dag.py took 0.046 seconds
[2025-05-15T10:10:07.645+0000] {processor.py:153} INFO - Started process (PID=589) to work on /opt/airflow/dags/dbt_pipeline_dag.py
[2025-05-15T10:10:07.646+0000] {processor.py:743} INFO - Processing file /opt/airflow/dags/dbt_pipeline_dag.py for tasks to queue
[2025-05-15T10:10:07.646+0000] {logging_mixin.py:137} INFO - [2025-05-15T10:10:07.646+0000] {dagbag.py:538} INFO - Filling up the DagBag from /opt/airflow/dags/dbt_pipeline_dag.py
[2025-05-15T10:10:07.666+0000] {processor.py:753} INFO - DAG(s) dict_keys(['dbt_sales_pipeline']) retrieved from /opt/airflow/dags/dbt_pipeline_dag.py
[2025-05-15T10:10:07.699+0000] {logging_mixin.py:137} INFO - [2025-05-15T10:10:07.699+0000] {dag.py:2676} INFO - Sync 1 DAGs
[2025-05-15T10:10:07.718+0000] {logging_mixin.py:137} INFO - [2025-05-15T10:10:07.718+0000] {dag.py:3427} INFO - Setting next_dagrun for dbt_sales_pipeline to 2025-05-15T00:00:00+00:00, run_after=2025-05-16T00:00:00+00:00
[2025-05-15T10:10:07.726+0000] {processor.py:175} INFO - Processing /opt/airflow/dags/dbt_pipeline_dag.py took 0.084 seconds
[2025-05-15T10:10:38.027+0000] {processor.py:153} INFO - Started process (PID=600) to work on /opt/airflow/dags/dbt_pipeline_dag.py
[2025-05-15T10:10:38.028+0000] {processor.py:743} INFO - Processing file /opt/airflow/dags/dbt_pipeline_dag.py for tasks to queue
[2025-05-15T10:10:38.029+0000] {logging_mixin.py:137} INFO - [2025-05-15T10:10:38.029+0000] {dagbag.py:538} INFO - Filling up the DagBag from /opt/airflow/dags/dbt_pipeline_dag.py
[2025-05-15T10:10:38.053+0000] {processor.py:753} INFO - DAG(s) dict_keys(['dbt_sales_pipeline']) retrieved from /opt/airflow/dags/dbt_pipeline_dag.py
[2025-05-15T10:10:38.083+0000] {logging_mixin.py:137} INFO - [2025-05-15T10:10:38.083+0000] {dag.py:2676} INFO - Sync 1 DAGs
[2025-05-15T10:10:38.100+0000] {logging_mixin.py:137} INFO - [2025-05-15T10:10:38.100+0000] {dag.py:3427} INFO - Setting next_dagrun for dbt_sales_pipeline to 2025-05-15T00:00:00+00:00, run_after=2025-05-16T00:00:00+00:00
[2025-05-15T10:10:38.109+0000] {processor.py:175} INFO - Processing /opt/airflow/dags/dbt_pipeline_dag.py took 0.087 seconds
[2025-05-15T10:11:08.407+0000] {processor.py:153} INFO - Started process (PID=611) to work on /opt/airflow/dags/dbt_pipeline_dag.py
[2025-05-15T10:11:08.408+0000] {processor.py:743} INFO - Processing file /opt/airflow/dags/dbt_pipeline_dag.py for tasks to queue
[2025-05-15T10:11:08.409+0000] {logging_mixin.py:137} INFO - [2025-05-15T10:11:08.409+0000] {dagbag.py:538} INFO - Filling up the DagBag from /opt/airflow/dags/dbt_pipeline_dag.py
[2025-05-15T10:11:08.434+0000] {processor.py:753} INFO - DAG(s) dict_keys(['dbt_sales_pipeline']) retrieved from /opt/airflow/dags/dbt_pipeline_dag.py
[2025-05-15T10:11:08.459+0000] {logging_mixin.py:137} INFO - [2025-05-15T10:11:08.459+0000] {dag.py:2676} INFO - Sync 1 DAGs
[2025-05-15T10:11:08.473+0000] {logging_mixin.py:137} INFO - [2025-05-15T10:11:08.473+0000] {dag.py:3427} INFO - Setting next_dagrun for dbt_sales_pipeline to 2025-05-15T00:00:00+00:00, run_after=2025-05-16T00:00:00+00:00
[2025-05-15T10:11:08.482+0000] {processor.py:175} INFO - Processing /opt/airflow/dags/dbt_pipeline_dag.py took 0.080 seconds
[2025-05-15T10:11:38.772+0000] {processor.py:153} INFO - Started process (PID=622) to work on /opt/airflow/dags/dbt_pipeline_dag.py
[2025-05-15T10:11:38.773+0000] {processor.py:743} INFO - Processing file /opt/airflow/dags/dbt_pipeline_dag.py for tasks to queue
[2025-05-15T10:11:38.774+0000] {logging_mixin.py:137} INFO - [2025-05-15T10:11:38.774+0000] {dagbag.py:538} INFO - Filling up the DagBag from /opt/airflow/dags/dbt_pipeline_dag.py
[2025-05-15T10:11:38.798+0000] {processor.py:753} INFO - DAG(s) dict_keys(['dbt_sales_pipeline']) retrieved from /opt/airflow/dags/dbt_pipeline_dag.py
[2025-05-15T10:11:38.825+0000] {logging_mixin.py:137} INFO - [2025-05-15T10:11:38.824+0000] {dag.py:2676} INFO - Sync 1 DAGs
[2025-05-15T10:11:38.842+0000] {logging_mixin.py:137} INFO - [2025-05-15T10:11:38.841+0000] {dag.py:3427} INFO - Setting next_dagrun for dbt_sales_pipeline to 2025-05-15T00:00:00+00:00, run_after=2025-05-16T00:00:00+00:00
[2025-05-15T10:11:38.850+0000] {processor.py:175} INFO - Processing /opt/airflow/dags/dbt_pipeline_dag.py took 0.084 seconds
[2025-05-15T10:12:09.156+0000] {processor.py:153} INFO - Started process (PID=633) to work on /opt/airflow/dags/dbt_pipeline_dag.py
[2025-05-15T10:12:09.156+0000] {processor.py:743} INFO - Processing file /opt/airflow/dags/dbt_pipeline_dag.py for tasks to queue
[2025-05-15T10:12:09.157+0000] {logging_mixin.py:137} INFO - [2025-05-15T10:12:09.157+0000] {dagbag.py:538} INFO - Filling up the DagBag from /opt/airflow/dags/dbt_pipeline_dag.py
[2025-05-15T10:12:09.180+0000] {processor.py:753} INFO - DAG(s) dict_keys(['dbt_sales_pipeline']) retrieved from /opt/airflow/dags/dbt_pipeline_dag.py
[2025-05-15T10:12:09.205+0000] {logging_mixin.py:137} INFO - [2025-05-15T10:12:09.205+0000] {dag.py:2676} INFO - Sync 1 DAGs
[2025-05-15T10:12:09.220+0000] {logging_mixin.py:137} INFO - [2025-05-15T10:12:09.220+0000] {dag.py:3427} INFO - Setting next_dagrun for dbt_sales_pipeline to 2025-05-15T00:00:00+00:00, run_after=2025-05-16T00:00:00+00:00
[2025-05-15T10:12:09.229+0000] {processor.py:175} INFO - Processing /opt/airflow/dags/dbt_pipeline_dag.py took 0.078 seconds
[2025-05-15T10:12:39.592+0000] {processor.py:153} INFO - Started process (PID=644) to work on /opt/airflow/dags/dbt_pipeline_dag.py
[2025-05-15T10:12:39.593+0000] {processor.py:743} INFO - Processing file /opt/airflow/dags/dbt_pipeline_dag.py for tasks to queue
[2025-05-15T10:12:39.594+0000] {logging_mixin.py:137} INFO - [2025-05-15T10:12:39.594+0000] {dagbag.py:538} INFO - Filling up the DagBag from /opt/airflow/dags/dbt_pipeline_dag.py
[2025-05-15T10:12:39.621+0000] {processor.py:753} INFO - DAG(s) dict_keys(['dbt_sales_pipeline']) retrieved from /opt/airflow/dags/dbt_pipeline_dag.py
[2025-05-15T10:12:39.653+0000] {logging_mixin.py:137} INFO - [2025-05-15T10:12:39.653+0000] {dag.py:2676} INFO - Sync 1 DAGs
[2025-05-15T10:12:39.667+0000] {logging_mixin.py:137} INFO - [2025-05-15T10:12:39.667+0000] {dag.py:3427} INFO - Setting next_dagrun for dbt_sales_pipeline to 2025-05-15T00:00:00+00:00, run_after=2025-05-16T00:00:00+00:00
[2025-05-15T10:12:39.675+0000] {processor.py:175} INFO - Processing /opt/airflow/dags/dbt_pipeline_dag.py took 0.088 seconds
[2025-05-15T10:13:10.023+0000] {processor.py:153} INFO - Started process (PID=655) to work on /opt/airflow/dags/dbt_pipeline_dag.py
[2025-05-15T10:13:10.024+0000] {processor.py:743} INFO - Processing file /opt/airflow/dags/dbt_pipeline_dag.py for tasks to queue
[2025-05-15T10:13:10.025+0000] {logging_mixin.py:137} INFO - [2025-05-15T10:13:10.024+0000] {dagbag.py:538} INFO - Filling up the DagBag from /opt/airflow/dags/dbt_pipeline_dag.py
[2025-05-15T10:13:10.052+0000] {processor.py:753} INFO - DAG(s) dict_keys(['dbt_sales_pipeline']) retrieved from /opt/airflow/dags/dbt_pipeline_dag.py
[2025-05-15T10:13:10.084+0000] {logging_mixin.py:137} INFO - [2025-05-15T10:13:10.083+0000] {dag.py:2676} INFO - Sync 1 DAGs
[2025-05-15T10:13:10.098+0000] {logging_mixin.py:137} INFO - [2025-05-15T10:13:10.098+0000] {dag.py:3427} INFO - Setting next_dagrun for dbt_sales_pipeline to 2025-05-15T00:00:00+00:00, run_after=2025-05-16T00:00:00+00:00
[2025-05-15T10:13:10.107+0000] {processor.py:175} INFO - Processing /opt/airflow/dags/dbt_pipeline_dag.py took 0.089 seconds
[2025-05-15T10:13:40.416+0000] {processor.py:153} INFO - Started process (PID=666) to work on /opt/airflow/dags/dbt_pipeline_dag.py
[2025-05-15T10:13:40.417+0000] {processor.py:743} INFO - Processing file /opt/airflow/dags/dbt_pipeline_dag.py for tasks to queue
[2025-05-15T10:13:40.418+0000] {logging_mixin.py:137} INFO - [2025-05-15T10:13:40.418+0000] {dagbag.py:538} INFO - Filling up the DagBag from /opt/airflow/dags/dbt_pipeline_dag.py
[2025-05-15T10:13:40.442+0000] {processor.py:753} INFO - DAG(s) dict_keys(['dbt_sales_pipeline']) retrieved from /opt/airflow/dags/dbt_pipeline_dag.py
[2025-05-15T10:13:40.465+0000] {logging_mixin.py:137} INFO - [2025-05-15T10:13:40.465+0000] {dag.py:2676} INFO - Sync 1 DAGs
[2025-05-15T10:13:40.478+0000] {logging_mixin.py:137} INFO - [2025-05-15T10:13:40.478+0000] {dag.py:3427} INFO - Setting next_dagrun for dbt_sales_pipeline to 2025-05-15T00:00:00+00:00, run_after=2025-05-16T00:00:00+00:00
[2025-05-15T10:13:40.486+0000] {processor.py:175} INFO - Processing /opt/airflow/dags/dbt_pipeline_dag.py took 0.074 seconds
[2025-05-15T10:14:10.834+0000] {processor.py:153} INFO - Started process (PID=677) to work on /opt/airflow/dags/dbt_pipeline_dag.py
[2025-05-15T10:14:10.835+0000] {processor.py:743} INFO - Processing file /opt/airflow/dags/dbt_pipeline_dag.py for tasks to queue
[2025-05-15T10:14:10.836+0000] {logging_mixin.py:137} INFO - [2025-05-15T10:14:10.836+0000] {dagbag.py:538} INFO - Filling up the DagBag from /opt/airflow/dags/dbt_pipeline_dag.py
[2025-05-15T10:14:10.872+0000] {processor.py:753} INFO - DAG(s) dict_keys(['dbt_sales_pipeline']) retrieved from /opt/airflow/dags/dbt_pipeline_dag.py
[2025-05-15T10:14:10.935+0000] {logging_mixin.py:137} INFO - [2025-05-15T10:14:10.934+0000] {dag.py:2676} INFO - Sync 1 DAGs
[2025-05-15T10:14:10.975+0000] {logging_mixin.py:137} INFO - [2025-05-15T10:14:10.975+0000] {dag.py:3427} INFO - Setting next_dagrun for dbt_sales_pipeline to 2025-05-15T00:00:00+00:00, run_after=2025-05-16T00:00:00+00:00
[2025-05-15T10:14:10.990+0000] {processor.py:175} INFO - Processing /opt/airflow/dags/dbt_pipeline_dag.py took 0.163 seconds
[2025-05-15T10:14:41.394+0000] {processor.py:153} INFO - Started process (PID=694) to work on /opt/airflow/dags/dbt_pipeline_dag.py
[2025-05-15T10:14:41.396+0000] {processor.py:743} INFO - Processing file /opt/airflow/dags/dbt_pipeline_dag.py for tasks to queue
[2025-05-15T10:14:41.397+0000] {logging_mixin.py:137} INFO - [2025-05-15T10:14:41.397+0000] {dagbag.py:538} INFO - Filling up the DagBag from /opt/airflow/dags/dbt_pipeline_dag.py
[2025-05-15T10:14:41.415+0000] {processor.py:753} INFO - DAG(s) dict_keys(['dbt_sales_pipeline']) retrieved from /opt/airflow/dags/dbt_pipeline_dag.py
[2025-05-15T10:14:41.458+0000] {logging_mixin.py:137} INFO - [2025-05-15T10:14:41.458+0000] {dag.py:2676} INFO - Sync 1 DAGs
[2025-05-15T10:14:41.473+0000] {logging_mixin.py:137} INFO - [2025-05-15T10:14:41.473+0000] {dag.py:3427} INFO - Setting next_dagrun for dbt_sales_pipeline to 2025-05-15T00:00:00+00:00, run_after=2025-05-16T00:00:00+00:00
[2025-05-15T10:14:41.483+0000] {processor.py:175} INFO - Processing /opt/airflow/dags/dbt_pipeline_dag.py took 0.094 seconds
[2025-05-15T10:15:11.846+0000] {processor.py:153} INFO - Started process (PID=705) to work on /opt/airflow/dags/dbt_pipeline_dag.py
[2025-05-15T10:15:11.848+0000] {processor.py:743} INFO - Processing file /opt/airflow/dags/dbt_pipeline_dag.py for tasks to queue
[2025-05-15T10:15:11.849+0000] {logging_mixin.py:137} INFO - [2025-05-15T10:15:11.849+0000] {dagbag.py:538} INFO - Filling up the DagBag from /opt/airflow/dags/dbt_pipeline_dag.py
[2025-05-15T10:15:11.875+0000] {processor.py:753} INFO - DAG(s) dict_keys(['dbt_sales_pipeline']) retrieved from /opt/airflow/dags/dbt_pipeline_dag.py
[2025-05-15T10:15:11.907+0000] {logging_mixin.py:137} INFO - [2025-05-15T10:15:11.907+0000] {dag.py:2676} INFO - Sync 1 DAGs
[2025-05-15T10:15:11.928+0000] {logging_mixin.py:137} INFO - [2025-05-15T10:15:11.928+0000] {dag.py:3427} INFO - Setting next_dagrun for dbt_sales_pipeline to 2025-05-15T00:00:00+00:00, run_after=2025-05-16T00:00:00+00:00
[2025-05-15T10:15:11.940+0000] {processor.py:175} INFO - Processing /opt/airflow/dags/dbt_pipeline_dag.py took 0.100 seconds
[2025-05-15T10:15:42.305+0000] {processor.py:153} INFO - Started process (PID=716) to work on /opt/airflow/dags/dbt_pipeline_dag.py
[2025-05-15T10:15:42.306+0000] {processor.py:743} INFO - Processing file /opt/airflow/dags/dbt_pipeline_dag.py for tasks to queue
[2025-05-15T10:15:42.310+0000] {logging_mixin.py:137} INFO - [2025-05-15T10:15:42.308+0000] {dagbag.py:538} INFO - Filling up the DagBag from /opt/airflow/dags/dbt_pipeline_dag.py
[2025-05-15T10:15:42.337+0000] {processor.py:753} INFO - DAG(s) dict_keys(['dbt_sales_pipeline']) retrieved from /opt/airflow/dags/dbt_pipeline_dag.py
[2025-05-15T10:15:42.415+0000] {logging_mixin.py:137} INFO - [2025-05-15T10:15:42.415+0000] {dag.py:2676} INFO - Sync 1 DAGs
[2025-05-15T10:15:42.457+0000] {logging_mixin.py:137} INFO - [2025-05-15T10:15:42.457+0000] {dag.py:3427} INFO - Setting next_dagrun for dbt_sales_pipeline to 2025-05-15T00:00:00+00:00, run_after=2025-05-16T00:00:00+00:00
[2025-05-15T10:15:42.470+0000] {processor.py:175} INFO - Processing /opt/airflow/dags/dbt_pipeline_dag.py took 0.171 seconds
[2025-05-15T10:16:12.787+0000] {processor.py:153} INFO - Started process (PID=727) to work on /opt/airflow/dags/dbt_pipeline_dag.py
[2025-05-15T10:16:12.789+0000] {processor.py:743} INFO - Processing file /opt/airflow/dags/dbt_pipeline_dag.py for tasks to queue
[2025-05-15T10:16:12.789+0000] {logging_mixin.py:137} INFO - [2025-05-15T10:16:12.789+0000] {dagbag.py:538} INFO - Filling up the DagBag from /opt/airflow/dags/dbt_pipeline_dag.py
[2025-05-15T10:16:12.815+0000] {processor.py:753} INFO - DAG(s) dict_keys(['dbt_sales_pipeline']) retrieved from /opt/airflow/dags/dbt_pipeline_dag.py
[2025-05-15T10:16:12.857+0000] {logging_mixin.py:137} INFO - [2025-05-15T10:16:12.857+0000] {dag.py:2676} INFO - Sync 1 DAGs
[2025-05-15T10:16:12.875+0000] {logging_mixin.py:137} INFO - [2025-05-15T10:16:12.875+0000] {dag.py:3427} INFO - Setting next_dagrun for dbt_sales_pipeline to 2025-05-15T00:00:00+00:00, run_after=2025-05-16T00:00:00+00:00
[2025-05-15T10:16:12.889+0000] {processor.py:175} INFO - Processing /opt/airflow/dags/dbt_pipeline_dag.py took 0.107 seconds
[2025-05-15T10:16:43.181+0000] {processor.py:153} INFO - Started process (PID=738) to work on /opt/airflow/dags/dbt_pipeline_dag.py
[2025-05-15T10:16:43.182+0000] {processor.py:743} INFO - Processing file /opt/airflow/dags/dbt_pipeline_dag.py for tasks to queue
[2025-05-15T10:16:43.182+0000] {logging_mixin.py:137} INFO - [2025-05-15T10:16:43.182+0000] {dagbag.py:538} INFO - Filling up the DagBag from /opt/airflow/dags/dbt_pipeline_dag.py
[2025-05-15T10:16:43.209+0000] {processor.py:753} INFO - DAG(s) dict_keys(['dbt_sales_pipeline']) retrieved from /opt/airflow/dags/dbt_pipeline_dag.py
[2025-05-15T10:16:43.249+0000] {logging_mixin.py:137} INFO - [2025-05-15T10:16:43.249+0000] {dag.py:2676} INFO - Sync 1 DAGs
[2025-05-15T10:16:43.271+0000] {logging_mixin.py:137} INFO - [2025-05-15T10:16:43.271+0000] {dag.py:3427} INFO - Setting next_dagrun for dbt_sales_pipeline to 2025-05-15T00:00:00+00:00, run_after=2025-05-16T00:00:00+00:00
[2025-05-15T10:16:43.281+0000] {processor.py:175} INFO - Processing /opt/airflow/dags/dbt_pipeline_dag.py took 0.105 seconds
[2025-05-15T10:17:13.623+0000] {processor.py:153} INFO - Started process (PID=749) to work on /opt/airflow/dags/dbt_pipeline_dag.py
[2025-05-15T10:17:13.624+0000] {processor.py:743} INFO - Processing file /opt/airflow/dags/dbt_pipeline_dag.py for tasks to queue
[2025-05-15T10:17:13.625+0000] {logging_mixin.py:137} INFO - [2025-05-15T10:17:13.624+0000] {dagbag.py:538} INFO - Filling up the DagBag from /opt/airflow/dags/dbt_pipeline_dag.py
[2025-05-15T10:17:13.656+0000] {processor.py:753} INFO - DAG(s) dict_keys(['dbt_sales_pipeline']) retrieved from /opt/airflow/dags/dbt_pipeline_dag.py
[2025-05-15T10:17:13.712+0000] {logging_mixin.py:137} INFO - [2025-05-15T10:17:13.712+0000] {dag.py:2676} INFO - Sync 1 DAGs
[2025-05-15T10:17:13.736+0000] {logging_mixin.py:137} INFO - [2025-05-15T10:17:13.736+0000] {dag.py:3427} INFO - Setting next_dagrun for dbt_sales_pipeline to 2025-05-15T00:00:00+00:00, run_after=2025-05-16T00:00:00+00:00
[2025-05-15T10:17:13.765+0000] {processor.py:175} INFO - Processing /opt/airflow/dags/dbt_pipeline_dag.py took 0.146 seconds
[2025-05-15T10:17:44.113+0000] {processor.py:153} INFO - Started process (PID=760) to work on /opt/airflow/dags/dbt_pipeline_dag.py
[2025-05-15T10:17:44.114+0000] {processor.py:743} INFO - Processing file /opt/airflow/dags/dbt_pipeline_dag.py for tasks to queue
[2025-05-15T10:17:44.115+0000] {logging_mixin.py:137} INFO - [2025-05-15T10:17:44.115+0000] {dagbag.py:538} INFO - Filling up the DagBag from /opt/airflow/dags/dbt_pipeline_dag.py
[2025-05-15T10:17:44.141+0000] {processor.py:753} INFO - DAG(s) dict_keys(['dbt_sales_pipeline']) retrieved from /opt/airflow/dags/dbt_pipeline_dag.py
[2025-05-15T10:17:44.199+0000] {logging_mixin.py:137} INFO - [2025-05-15T10:17:44.199+0000] {dag.py:2676} INFO - Sync 1 DAGs
[2025-05-15T10:17:44.239+0000] {logging_mixin.py:137} INFO - [2025-05-15T10:17:44.239+0000] {dag.py:3427} INFO - Setting next_dagrun for dbt_sales_pipeline to 2025-05-15T00:00:00+00:00, run_after=2025-05-16T00:00:00+00:00
[2025-05-15T10:17:44.255+0000] {processor.py:175} INFO - Processing /opt/airflow/dags/dbt_pipeline_dag.py took 0.146 seconds
[2025-05-15T10:18:14.626+0000] {processor.py:153} INFO - Started process (PID=771) to work on /opt/airflow/dags/dbt_pipeline_dag.py
[2025-05-15T10:18:14.628+0000] {processor.py:743} INFO - Processing file /opt/airflow/dags/dbt_pipeline_dag.py for tasks to queue
[2025-05-15T10:18:14.629+0000] {logging_mixin.py:137} INFO - [2025-05-15T10:18:14.629+0000] {dagbag.py:538} INFO - Filling up the DagBag from /opt/airflow/dags/dbt_pipeline_dag.py
[2025-05-15T10:18:14.669+0000] {processor.py:753} INFO - DAG(s) dict_keys(['dbt_sales_pipeline']) retrieved from /opt/airflow/dags/dbt_pipeline_dag.py
[2025-05-15T10:18:14.732+0000] {logging_mixin.py:137} INFO - [2025-05-15T10:18:14.732+0000] {dag.py:2676} INFO - Sync 1 DAGs
[2025-05-15T10:18:14.759+0000] {logging_mixin.py:137} INFO - [2025-05-15T10:18:14.759+0000] {dag.py:3427} INFO - Setting next_dagrun for dbt_sales_pipeline to 2025-05-15T00:00:00+00:00, run_after=2025-05-16T00:00:00+00:00
[2025-05-15T10:18:14.772+0000] {processor.py:175} INFO - Processing /opt/airflow/dags/dbt_pipeline_dag.py took 0.151 seconds
